<?xml version="1.0" encoding="UTF-8"?>
<testng-results ignored="0" total="5" passed="5" failed="0" skipped="0">
  <reporter-output>
  </reporter-output>
  <suite started-at="2023-09-26T19:50:33 BRT" name="Suite" finished-at="2023-09-26T19:50:42 BRT" duration-ms="9058">
    <groups>
    </groups>
    <test started-at="2023-09-26T19:50:33 BRT" name="Test" finished-at="2023-09-26T19:50:42 BRT" duration-ms="9058">
      <class name="EndpointsBasicos">
        <test-method is-config="true" signature="GerarToken()[pri:0, instance:EndpointsBasicos@2ca47471]" started-at="2023-09-26T19:50:33 BRT" name="GerarToken" finished-at="2023-09-26T19:50:36 BRT" duration-ms="2669" status="PASS">
          <reporter-output>
          </reporter-output>
        </test-method> <!-- GerarToken -->
        <test-method signature="CadastrarUsuario()[pri:1, instance:EndpointsBasicos@2ca47471]" started-at="2023-09-26T19:50:36 BRT" name="CadastrarUsuario" finished-at="2023-09-26T19:50:37 BRT" duration-ms="1313" status="PASS">
          <reporter-output>
          </reporter-output>
        </test-method> <!-- CadastrarUsuario -->
        <test-method signature="BuscarumUsuario()[pri:2, instance:EndpointsBasicos@2ca47471]" started-at="2023-09-26T19:50:37 BRT" name="BuscarumUsuario" finished-at="2023-09-26T19:50:38 BRT" duration-ms="1186" status="PASS">
          <reporter-output>
          </reporter-output>
        </test-method> <!-- BuscarumUsuario -->
        <test-method signature="AlterarUsuario()[pri:3, instance:EndpointsBasicos@2ca47471]" started-at="2023-09-26T19:50:38 BRT" name="AlterarUsuario" finished-at="2023-09-26T19:50:39 BRT" duration-ms="1019" status="PASS">
          <reporter-output>
          </reporter-output>
        </test-method> <!-- AlterarUsuario -->
        <test-method signature="DeletarUsuario()[pri:4, instance:EndpointsBasicos@2ca47471]" started-at="2023-09-26T19:50:39 BRT" name="DeletarUsuario" finished-at="2023-09-26T19:50:41 BRT" duration-ms="1315" status="PASS">
          <reporter-output>
          </reporter-output>
        </test-method> <!-- DeletarUsuario -->
        <test-method signature="BuscarUsuarios()[pri:6, instance:EndpointsBasicos@2ca47471]" started-at="2023-09-26T19:50:41 BRT" name="BuscarUsuarios" finished-at="2023-09-26T19:50:42 BRT" duration-ms="1502" status="PASS">
          <reporter-output>
          </reporter-output>
        </test-method> <!-- BuscarUsuarios -->
      </class> <!-- EndpointsBasicos -->
    </test> <!-- Test -->
  </suite> <!-- Suite -->
</testng-results>
