<?xml version="1.0" encoding="UTF-8"?>
<!-- Generated by org.testng.reporters.JUnitXMLReporter -->
<testsuite ignored="0" hostname="thundera" failures="0" tests="5" name="Default test" time="8.537" errors="0" timestamp="2023-09-26T19:33:00 BRT">
  <testcase classname="EndpointsBasicos" name="CadastrarUsuario" time="1.184"/>
  <testcase classname="EndpointsBasicos" name="BuscarumUsuario" time="1.29"/>
  <testcase classname="EndpointsBasicos" name="AlterarUsuario" time="1.005"/>
  <testcase classname="EndpointsBasicos" name="DeletarUsuario" time="1.339"/>
  <testcase classname="EndpointsBasicos" name="BuscarUsuarios" time="1.149"/>
</testsuite> <!-- Default test -->
