<?xml version="1.0" encoding="UTF-8"?>
<testsuite xmlns:xsi="http://www.w3.org/2001/XMLSchema-instance" xsi:noNamespaceSchemaLocation="https://maven.apache.org/surefire/maven-surefire-plugin/xsd/surefire-test-report-3.0.xsd" version="3.0" name="TestSuite" time="8.844" tests="5" errors="0" skipped="0" failures="0">
  <properties>
[...]
</properties>
  <testcase name="CadastrarUsuario" classname="EndpointsBasicos" time="1.068">
    <system-out><![CDATA[================= Gerar Token ================
Status Code ..200
Tempo ..1867
Body .. {
    "user": {
        "_id": "64fb27375bffa8001368e49c",
        "firstName": "antonio",
        "lastName": "martins",
        "email": "agmartins2018@gmail.com",
        "__v": 145
    },
    "token": "eyJhbGciOiJIUzI1NiIsInR5cCI6IkpXVCJ9.eyJfaWQiOiI2NGZiMjczNzViZmZhODAwMTM2OGU0OWMiLCJpYXQiOjE2OTU3NzM0NDl9.smGq6v_2gkZrR13QYEzOSIEFxoBVFqUznPkFpeqbH5w"
}
Status Line .. HTTP/1.1 200 OK
Status Line .. eyJhbGciOiJIUzI1NiIsInR5cCI6IkpXVCJ9.eyJfaWQiOiI2NGZiMjczNzViZmZhODAwMTM2OGU0OWMiLCJpYXQiOjE2OTU3NzM0NDl9.smGq6v_2gkZrR13QYEzOSIEFxoBVFqUznPkFpeqbH5w
============================================
================= Cadastrar Usuario ================
Status Code ..201
Tempo ..1043
Body .. {
    "_id": "6513730b5ed1dc0013e8e4ad",
    "firstName": "Ana",
    "lastName": "Belmonte",
    "birthdate": "1977-07-07",
    "email": "ana_belmonte@gmail.com",
    "phone": "21999991919",
    "street1": "xpto 1",
    "city": "rj",
    "stateProvince": "rj",
    "postalCode": "2024080",
    "country": "brsil",
    "owner": "64fb27375bffa8001368e49c",
    "__v": 0
}
Status Line .. HTTP/1.1 201 Created
============================================
]]></system-out>
    <system-err><![CDATA[SLF4J: Failed to load class "org.slf4j.impl.StaticLoggerBinder".
SLF4J: Defaulting to no-operation (NOP) logger implementation
SLF4J: See http://www.slf4j.org/codes.html#StaticLoggerBinder for further details.
]]></system-err>
  </testcase>
  <testcase name="BuscarumUsuario" classname="EndpointsBasicos" time="1.043">
    <system-out><![CDATA[=========== Buscar Usuario cadastrado =============
Status Code ..200
Tempo ..1035
Body .. {
    "_id": "6513730b5ed1dc0013e8e4ad",
    "firstName": "Ana",
    "lastName": "Belmonte",
    "birthdate": "1977-07-07",
    "email": "ana_belmonte@gmail.com",
    "phone": "21999991919",
    "street1": "xpto 1",
    "city": "rj",
    "stateProvince": "rj",
    "postalCode": "2024080",
    "country": "brsil",
    "owner": "64fb27375bffa8001368e49c",
    "__v": 0
}
Status Line .. HTTP/1.1 200 OK
============================================
]]></system-out>
  </testcase>
  <testcase name="AlterarUsuario" classname="EndpointsBasicos" time="1.05">
    <system-out><![CDATA[================= Alterar Usuario ================
Status Code ..200
Tempo ..1036
Body .. {
    "_id": "6513730b5ed1dc0013e8e4ad",
    "firstName": "Josez",
    "lastName": "Ramalho",
    "birthdate": "1922-01-07",
    "email": "zeramalho@yahoo.com.br",
    "phone": "21992221174",
    "street1": "rua xpto 6",
    "city": "sp",
    "stateProvince": "sp",
    "postalCode": "2022012",
    "country": "brasil",
    "owner": "64fb27375bffa8001368e49c",
    "__v": 0,
    "street2": null
}
Status Line .. HTTP/1.1 200 OK
============================================
]]></system-out>
  </testcase>
  <testcase name="DeletarUsuario" classname="EndpointsBasicos" time="1.196">
    <system-out><![CDATA[================= Deletar Usuario ================
Status Code ..200
Tempo ..1085
Body .. <html>
  <body>Contact deleted</body>
</html>
Status Line .. HTTP/1.1 200 OK
============================================
]]></system-out>
  </testcase>
  <testcase name="BuscarUsuarios" classname="EndpointsBasicos" time="1.175">
    <system-out><![CDATA[============== Buscar todos usuarios cadastrados ================
Status Code ..200
Tempo ..1141
Body .. [
    {
        "_id": "6513148dc0c1ec001325802f",
        "firstName": "Ana",
        "lastName": "Belmonte",
        "birthdate": "1977-07-07",
        "email": "maneol@gmail.com",
        "phone": "21999991919",
        "street1": "xpto 1",
        "city": "rj",
        "stateProvince": "rj",
        "postalCode": "2024020",
        "country": "brsil",
        "owner": "64fb27375bffa8001368e49c",
        "__v": 0
    },
    {
        "_id": "651314c6c0c1ec0013258031",
        "firstName": "Ana",
        "lastName": "Belmonte",
        "birthdate": "1977-07-07",
        "email": "ana_belmonte@gmail.com",
        "phone": "21999991919",
        "street1": "xpto 1",
        "city": "rj",
        "stateProvince": "rj",
        "postalCode": "2024080",
        "country": "brsil",
        "owner": "64fb27375bffa8001368e49c",
        "__v": 0
    },
    {
        "_id": "65131550c0c1ec0013258032",
        "firstName": "Ana",
        "lastName": "Belmonte",
        "birthdate": "1977-07-07",
        "email": "ana_belmonte@gmail.com",
        "phone": "21999991919",
        "street1": "xpto 1",
        "city": "rj",
        "stateProvince": "rj",
        "postalCode": "2024080",
        "country": "brsil",
        "owner": "64fb27375bffa8001368e49c",
        "__v": 0
    },
    {
        "_id": "651315675ed1dc0013e8e418",
        "firstName": "Ana",
        "lastName": "Belmonte",
        "birthdate": "1977-07-07",
        "email": "ana_belmonte@gmail.com",
        "phone": "21999991919",
        "street1": "xpto 1",
        "city": "rj",
        "stateProvince": "rj",
        "postalCode": "2024080",
        "country": "brsil",
        "owner": "64fb27375bffa8001368e49c",
        "__v": 0
    },
    {
        "_id": "65133db55ed1dc0013e8e46b",
        "firstName": "Ana",
        "lastName": "Belmonte",
        "birthdate": "1977-07-07",
        "email": "ana_belmonte@gmail.com",
        "phone": "21999991919",
        "street1": "xpto 1",
        "city": "rj",
        "stateProvince": "rj",
        "postalCode": "2024080",
        "country": "brsil",
        "owner": "64fb27375bffa8001368e49c",
        "__v": 0
    },
    {
        "_id": "65133e25c0c1ec0013258085",
        "firstName": "Ana",
        "lastName": "Belmonte",
        "birthdate": "1977-07-07",
        "email": "ana_belmonte@gmail.com",
        "phone": "21999991919",
        "street1": "xpto 1",
        "city": "rj",
        "stateProvince": "rj",
        "postalCode": "2024080",
        "country": "brsil",
        "owner": "64fb27375bffa8001368e49c",
        "__v": 0
    },
    {
        "_id": "65133f57c0c1ec001325808a",
        "firstName": "Ana",
        "lastName": "Belmonte",
        "birthdate": "1977-07-07",
        "email": "ana_belmonte@gmail.com",
        "phone": "21999991919",
        "street1": "xpto 1",
        "city": "rj",
        "stateProvince": "rj",
        "postalCode": "2024080",
        "country": "brsil",
        "owner": "64fb27375bffa8001368e49c",
        "__v": 0
    },
    {
        "_id": "65134095c0c1ec001325808c",
        "firstName": "Ana",
        "lastName": "Belmonte",
        "birthdate": "1977-07-07",
        "email": "ana_belmonte@gmail.com",
        "phone": "21999991919",
        "street1": "xpto 1",
        "city": "rj",
        "stateProvince": "rj",
        "postalCode": "2024080",
        "country": "brsil",
        "owner": "64fb27375bffa8001368e49c",
        "__v": 0
    },
    {
        "_id": "65135bde5ed1dc0013e8e47f",
        "firstName": "Ana",
        "lastName": "Belmonte",
        "birthdate": "1977-07-07",
        "email": "ana_belmonte@gmail.com",
        "phone": "21999991919",
        "street1": "xpto 1",
        "city": "rj",
        "stateProvince": "rj",
        "postalCode": "2024080",
        "country": "brsil",
        "owner": "64fb27375bffa8001368e49c",
        "__v": 0
    },
    {
        "_id": "65133fae5ed1dc0013e8e474",
        "firstName": "Josez",
        "lastName": "Ramalho",
        "birthdate": "1922-01-07",
        "email": "zeramalho@yahoo.com.br",
        "phone": "21992221174",
        "street1": "rua xpto 6",
        "city": "sp",
        "stateProvince": "sp",
        "postalCode": "2022012",
        "country": "brasil",
        "owner": "64fb27375bffa8001368e49c",
        "__v": 0,
        "street2": null
    },
    {
        "_id": "6509897e6133f90013e90507",
        "firstName": "luciana",
        "lastName": "belgan",
        "birthdate": "1965-01-07",
        "email": "luciana@gmail.com",
        "phone": "21992212078",
        "street1": "rua xpto 3",
        "city": "rj",
        "stateProvince": "rj",
        "postalCode": "2022001",
        "country": "brasil",
        "owner": "64fb27375bffa8001368e49c",
        "__v": 0,
        "street2": null
    },
    {
        "_id": "6509e133698c84001372564b",
        "firstName": "juarez",
        "lastName": "das cuvers",
        "birthdate": "1977-07-07",
        "email": "maneol@gmail.com",
        "phone": "21999991919",
        "street1": "xpto 1",
        "city": "rj",
        "stateProvince": "rj",
        "postalCode": "2024020",
        "country": "brsil",
        "owner": "64fb27375bffa8001368e49c",
        "__v": 0
    },
    {
        "_id": "6509e1506133f90013e905f0",
        "firstName": "juarez",
        "lastName": "das cuvers",
        "birthdate": "1977-07-07",
        "email": "maneol@gmail.com",
        "phone": "21999991919",
        "street1": "xpto 1",
        "city": "rj",
        "stateProvince": "rj",
        "postalCode": "2024020",
        "country": "brsil",
        "owner": "64fb27375bffa8001368e49c",
        "__v": 0
    },
    {
        "_id": "6509c8546133f90013e90573",
        "firstName": "manoel2",
        "lastName": "das cuvers",
        "birthdate": "1977-07-07",
        "email": "maneol@gmail.com",
        "phone": "21999991919",
        "street1": "xpto 1",
        "city": "rj",
        "stateProvince": "rj",
        "postalCode": "2024020",
        "country": "brsil",
        "owner": "64fb27375bffa8001368e49c",
        "__v": 0
    },
    {
        "_id": "6509c88f698c8400137255ac",
        "firstName": "manoel2",
        "lastName": "das cuvers",
        "birthdate": "1977-07-07",
        "email": "maneol@gmail.com",
        "phone": "21999991919",
        "street1": "xpto 1",
        "city": "rj",
        "stateProvince": "rj",
        "postalCode": "2024020",
        "country": "brsil",
        "owner": "64fb27375bffa8001368e49c",
        "__v": 0
    },
    {
        "_id": "6509d0dc6133f90013e905a8",
        "firstName": "manoel2",
        "lastName": "das cuvers",
        "birthdate": "1977-07-07",
        "email": "maneol@gmail.com",
        "phone": "21999991919",
        "street1": "xpto 1",
        "city": "rj",
        "stateProvince": "rj",
        "postalCode": "2024020",
        "country": "brsil",
        "owner": "64fb27375bffa8001368e49c",
        "__v": 0
    },
    {
        "_id": "6509d0ee6133f90013e905a9",
        "firstName": "manoel2",
        "lastName": "das cuvers",
        "birthdate": "1977-07-07",
        "email": "maneol@gmail.com",
        "phone": "21999991919",
        "street1": "xpto 1",
        "city": "rj",
        "stateProvince": "rj",
        "postalCode": "2024020",
        "country": "brsil",
        "owner": "64fb27375bffa8001368e49c",
        "__v": 0
    },
    {
        "_id": "6509d1716133f90013e905ac",
        "firstName": "manoel2",
        "lastName": "das cuvers",
        "birthdate": "1977-07-07",
        "email": "maneol@gmail.com",
        "phone": "21999991919",
        "street1": "xpto 1",
        "city": "rj",
        "stateProvince": "rj",
        "postalCode": "2024020",
        "country": "brsil",
        "owner": "64fb27375bffa8001368e49c",
        "__v": 0
    },
    {
        "_id": "6509d1c5698c84001372560b",
        "firstName": "manoel2",
        "lastName": "das cuvers",
        "birthdate": "1977-07-07",
        "email": "maneol@gmail.com",
        "phone": "21999991919",
        "street1": "xpto 1",
        "city": "rj",
        "stateProvince": "rj",
        "postalCode": "2024020",
        "country": "brsil",
        "owner": "64fb27375bffa8001368e49c",
        "__v": 0
    },
    {
        "_id": "6509d1cf698c84001372560c",
        "firstName": "manoel2",
        "lastName": "das cuvers",
        "birthdate": "1977-07-07",
        "email": "maneol@gmail.com",
        "phone": "21999991919",
        "street1": "xpto 1",
        "city": "rj",
        "stateProvince": "rj",
        "postalCode": "2024020",
        "country": "brsil",
        "owner": "64fb27375bffa8001368e49c",
        "__v": 0
    },
    {
        "_id": "6509d1f96133f90013e905ae",
        "firstName": "manoel2",
        "lastName": "das cuvers",
        "birthdate": "1977-07-07",
        "email": "maneol@gmail.com",
        "phone": "21999991919",
        "street1": "xpto 1",
        "city": "rj",
        "stateProvince": "rj",
        "postalCode": "2024020",
        "country": "brsil",
        "owner": "64fb27375bffa8001368e49c",
        "__v": 0
    },
    {
        "_id": "6509d22f698c84001372560f",
        "firstName": "manoel2",
        "lastName": "das cuvers",
        "birthdate": "1977-07-07",
        "email": "maneol@gmail.com",
        "phone": "21999991919",
        "street1": "xpto 1",
        "city": "rj",
        "stateProvince": "rj",
        "postalCode": "2024020",
        "country": "brsil",
        "owner": "64fb27375bffa8001368e49c",
        "__v": 0
    },
    {
        "_id": "6509d24b698c840013725610",
        "firstName": "manoel2",
        "lastName": "das cuvers",
        "birthdate": "1977-07-07",
        "email": "maneol@gmail.com",
        "phone": "21999991919",
        "street1": "xpto 1",
        "city": "rj",
        "stateProvince": "rj",
        "postalCode": "2024020",
        "country": "brsil",
        "owner": "64fb27375bffa8001368e49c",
        "__v": 0
    },
    {
        "_id": "6509d2cc6133f90013e905b1",
        "firstName": "manoel2",
        "lastName": "das cuvers",
        "birthdate": "1977-07-07",
        "email": "maneol@gmail.com",
        "phone": "21999991919",
        "street1": "xpto 1",
        "city": "rj",
        "stateProvince": "rj",
        "postalCode": "2024020",
        "country": "brsil",
        "owner": "64fb27375bffa8001368e49c",
        "__v": 0
    },
    {
        "_id": "6509d2fd6133f90013e905b4",
        "firstName": "manoel2",
        "lastName": "das cuvers",
        "birthdate": "1977-07-07",
        "email": "maneol@gmail.com",
        "phone": "21999991919",
        "street1": "xpto 1",
        "city": "rj",
        "stateProvince": "rj",
        "postalCode": "2024020",
        "country": "brsil",
        "owner": "64fb27375bffa8001368e49c",
        "__v": 0
    },
    {
        "_id": "6509d334698c840013725618",
        "firstName": "manoel2",
        "lastName": "das cuvers",
        "birthdate": "1977-07-07",
        "email": "maneol@gmail.com",
        "phone": "21999991919",
        "street1": "xpto 1",
        "city": "rj",
        "stateProvince": "rj",
        "postalCode": "2024020",
        "country": "brsil",
        "owner": "64fb27375bffa8001368e49c",
        "__v": 0
    },
    {
        "_id": "650e1ca0a475da0013b1e3bd",
        "firstName": "manoel2",
        "lastName": "das cuvers",
        "birthdate": "1977-07-07",
        "email": "maneol@gmail.com",
        "phone": "21999991919",
        "street1": "xpto 1",
        "city": "rj",
        "stateProvince": "rj",
        "postalCode": "2024020",
        "country": "brsil",
        "owner": "64fb27375bffa8001368e49c",
        "__v": 0
    },
    {
        "_id": "65097d7c6133f90013e904d1",
        "firstName": "xamira",
        "lastName": "de andrade",
        "birthdate": "1984-07-07",
        "email": "xamira@gmail.com",
        "phone": "21999991919",
        "street1": "rua xpto 1",
        "city": "sp",
        "stateProvince": "sp",
        "postalCode": "2024021",
        "country": "brasil",
        "owner": "64fb27375bffa8001368e49c",
        "__v": 0,
        "street2": null
    },
    {
        "_id": "650989a56133f90013e90508",
        "firstName": "maria",
        "lastName": "de fatima",
        "birthdate": "1945-01-07",
        "email": "mariafatima@gmail.com",
        "phone": "21992211670",
        "street1": "rua xpto 4",
        "city": "sp",
        "stateProvince": "sp",
        "postalCode": "2022002",
        "country": "brasil",
        "owner": "64fb27375bffa8001368e49c",
        "__v": 0,
        "street2": null
    },
    {
        "_id": "650a1a9c698c8400137256df",
        "firstName": "antonio",
        "lastName": "martins",
        "birthdate": "1977-07-07",
        "email": "maneol@gmail.com",
        "phone": "21999991919",
        "street1": "xpto 1",
        "city": "rj",
        "stateProvince": "rj",
        "postalCode": "2024020",
        "country": "brsil",
        "owner": "64fb27375bffa8001368e49c",
        "__v": 0
    },
    {
        "_id": "650a1d4e6133f90013e9069e",
        "firstName": "antonio",
        "lastName": "martins",
        "birthdate": "1977-07-07",
        "email": "maneol@gmail.com",
        "phone": "21999991919",
        "street1": "xpto 1",
        "city": "rj",
        "stateProvince": "rj",
        "postalCode": "2024020",
        "country": "brsil",
        "owner": "64fb27375bffa8001368e49c",
        "__v": 0
    },
    {
        "_id": "650a1d83698c8400137256e2",
        "firstName": "antonio",
        "lastName": "martins",
        "birthdate": "1977-07-07",
        "email": "maneol@gmail.com",
        "phone": "21999991919",
        "street1": "xpto 1",
        "city": "rj",
        "stateProvince": "rj",
        "postalCode": "2024020",
        "country": "brsil",
        "owner": "64fb27375bffa8001368e49c",
        "__v": 0
    },
    {
        "_id": "650a1dc1698c8400137256e4",
        "firstName": "antonio",
        "lastName": "martins",
        "birthdate": "1977-07-07",
        "email": "maneol@gmail.com",
        "phone": "21999991919",
        "street1": "xpto 1",
        "city": "rj",
        "stateProvince": "rj",
        "postalCode": "2024020",
        "country": "brsil",
        "owner": "64fb27375bffa8001368e49c",
        "__v": 0
    },
    {
        "_id": "650a1dee6133f90013e906a1",
        "firstName": "antonio",
        "lastName": "martins",
        "birthdate": "1977-07-07",
        "email": "maneol@gmail.com",
        "phone": "21999991919",
        "street1": "xpto 1",
        "city": "rj",
        "stateProvince": "rj",
        "postalCode": "2024020",
        "country": "brsil",
        "owner": "64fb27375bffa8001368e49c",
        "__v": 0
    },
    {
        "_id": "650a1e0b6133f90013e906a2",
        "firstName": "antonio",
        "lastName": "martins",
        "birthdate": "1977-07-07",
        "email": "maneol@gmail.com",
        "phone": "21999991919",
        "street1": "xpto 1",
        "city": "rj",
        "stateProvince": "rj",
        "postalCode": "2024020",
        "country": "brsil",
        "owner": "64fb27375bffa8001368e49c",
        "__v": 0
    },
    {
        "_id": "650a1fe1698c8400137256ef",
        "firstName": "antonio",
        "lastName": "martins",
        "birthdate": "1977-07-07",
        "email": "maneol@gmail.com",
        "phone": "21999991919",
        "street1": "xpto 1",
        "city": "rj",
        "stateProvince": "rj",
        "postalCode": "2024020",
        "country": "brsil",
        "owner": "64fb27375bffa8001368e49c",
        "__v": 0
    },
    {
        "_id": "6511b28161b2540013bbaffb",
        "firstName": "antonio",
        "lastName": "martins",
        "birthdate": "1977-07-07",
        "email": "maneol@gmail.com",
        "phone": "21999991919",
        "street1": "xpto 1",
        "city": "rj",
        "stateProvince": "rj",
        "postalCode": "2024020",
        "country": "brsil",
        "owner": "64fb27375bffa8001368e49c",
        "__v": 0
    },
    {
        "_id": "6511fb987315940013a791c3",
        "firstName": "antonio",
        "lastName": "martins",
        "birthdate": "1977-07-07",
        "email": "maneol@gmail.com",
        "phone": "21999991919",
        "street1": "xpto 1",
        "city": "rj",
        "stateProvince": "rj",
        "postalCode": "2024020",
        "country": "brsil",
        "owner": "64fb27375bffa8001368e49c",
        "__v": 0
    },
    {
        "_id": "6512152e7315940013a791d1",
        "firstName": "antonio",
        "lastName": "martins",
        "birthdate": "1977-07-07",
        "email": "maneol@gmail.com",
        "phone": "21999991919",
        "street1": "xpto 1",
        "city": "rj",
        "stateProvince": "rj",
        "postalCode": "2024020",
        "country": "brsil",
        "owner": "64fb27375bffa8001368e49c",
        "__v": 0
    },
    {
        "_id": "651215517315940013a791d5",
        "firstName": "antonio",
        "lastName": "martins",
        "birthdate": "1977-07-07",
        "email": "maneol@gmail.com",
        "phone": "21999991919",
        "street1": "xpto 1",
        "city": "rj",
        "stateProvince": "rj",
        "postalCode": "2024020",
        "country": "brsil",
        "owner": "64fb27375bffa8001368e49c",
        "__v": 0
    },
    {
        "_id": "651215fb61b2540013bbb0d9",
        "firstName": "antonio",
        "lastName": "martins",
        "birthdate": "1977-07-07",
        "email": "maneol@gmail.com",
        "phone": "21999991919",
        "street1": "xpto 1",
        "city": "rj",
        "stateProvince": "rj",
        "postalCode": "2024020",
        "country": "brsil",
        "owner": "64fb27375bffa8001368e49c",
        "__v": 0
    },
    {
        "_id": "651216447315940013a791d7",
        "firstName": "antonio",
        "lastName": "martins",
        "birthdate": "1977-07-07",
        "email": "maneol@gmail.com",
        "phone": "21999991919",
        "street1": "xpto 1",
        "city": "rj",
        "stateProvince": "rj",
        "postalCode": "2024020",
        "country": "brsil",
        "owner": "64fb27375bffa8001368e49c",
        "__v": 0
    },
    {
        "_id": "651216567315940013a791d9",
        "firstName": "antonio",
        "lastName": "martins",
        "birthdate": "1977-07-07",
        "email": "maneol@gmail.com",
        "phone": "21999991919",
        "street1": "xpto 1",
        "city": "rj",
        "stateProvince": "rj",
        "postalCode": "2024020",
        "country": "brsil",
        "owner": "64fb27375bffa8001368e49c",
        "__v": 0
    },
    {
        "_id": "6512186261b2540013bbb0e0",
        "firstName": "antonio",
        "lastName": "martins",
        "birthdate": "1977-07-07",
        "email": "maneol@gmail.com",
        "phone": "21999991919",
        "street1": "xpto 1",
        "city": "rj",
        "stateProvince": "rj",
        "postalCode": "2024020",
        "country": "brsil",
        "owner": "64fb27375bffa8001368e49c",
        "__v": 0
    },
    {
        "_id": "6512189e61b2540013bbb0e3",
        "firstName": "antonio",
        "lastName": "martins",
        "birthdate": "1977-07-07",
        "email": "maneol@gmail.com",
        "phone": "21999991919",
        "street1": "xpto 1",
        "city": "rj",
        "stateProvince": "rj",
        "postalCode": "2024020",
        "country": "brsil",
        "owner": "64fb27375bffa8001368e49c",
        "__v": 0
    },
    {
        "_id": "65130a905ed1dc0013e8e3f9",
        "firstName": "antonio",
        "lastName": "martins",
        "birthdate": "1977-07-07",
        "email": "maneol@gmail.com",
        "phone": "21999991919",
        "street1": "xpto 1",
        "city": "rj",
        "stateProvince": "rj",
        "postalCode": "2024020",
        "country": "brsil",
        "owner": "64fb27375bffa8001368e49c",
        "__v": 0
    },
    {
        "_id": "6509c2e8698c84001372559a",
        "firstName": "ze",
        "lastName": "ramalho",
        "birthdate": "1922-01-07",
        "email": "zeramalho@yahoo.com.br",
        "phone": "21992221174",
        "street1": "rua xpto 6",
        "city": "sp",
        "stateProvince": "sp",
        "postalCode": "2022012",
        "country": "brasil",
        "owner": "64fb27375bffa8001368e49c",
        "__v": 0,
        "street2": null
    },
    {
        "_id": "650988476133f90013e90504",
        "firstName": "juarez",
        "lastName": "tamasio",
        "birthdate": "1977-07-07",
        "email": "tamasio@gmail.com",
        "phone": "21993112078",
        "street1": "rua xpto 2",
        "city": "mg",
        "stateProvince": "mg",
        "postalCode": "2025001",
        "country": "brasil",
        "owner": "64fb27375bffa8001368e49c",
        "__v": 0,
        "street2": null
    },
    {
        "_id": "65098a346133f90013e9050c",
        "firstName": "lubertin",
        "lastName": "veiga",
        "birthdate": "1962-01-07",
        "email": "lubertin@yahoo.com.br",
        "phone": "21992222674",
        "street1": "rua xpto 5",
        "city": "mg",
        "stateProvince": "mg",
        "postalCode": "2022022",
        "country": "brasil",
        "owner": "64fb27375bffa8001368e49c",
        "__v": 0,
        "street2": null
    },
    {
        "_id": "651217cc7315940013a791da",
        "firstName": "{{firstname}}",
        "lastName": "{{lastname}}",
        "birthdate": "1977-07-07",
        "email": "maneol@gmail.com",
        "phone": "21999991919",
        "street1": "xpto 1",
        "city": "rj",
        "stateProvince": "rj",
        "postalCode": "2024020",
        "country": "brsil",
        "owner": "64fb27375bffa8001368e49c",
        "__v": 0
    }
]
Status Line .. HTTP/1.1 200 OK
============================================
]]></system-out>
  </testcase>
</testsuite>