<?xml version="1.0" encoding="UTF-8"?>
<testng-results ignored="0" total="5" passed="5" failed="0" skipped="0">
  <reporter-output>
  </reporter-output>
  <suite started-at="2023-09-26T21:10:47 BRT" name="Suite_de_Testes" finished-at="2023-09-26T21:10:56 BRT" duration-ms="8174">
    <groups>
    </groups>
    <test started-at="2023-09-26T21:10:47 BRT" name="Testes_EndpointsBasicos" finished-at="2023-09-26T21:10:56 BRT" duration-ms="8174">
      <class name="EndpointsBasicos">
        <test-method is-config="true" signature="GerarToken()[pri:0, instance:EndpointsBasicos@3bd7f8dc]" started-at="2023-09-26T21:10:47 BRT" name="GerarToken" finished-at="2023-09-26T21:10:50 BRT" duration-ms="2627" status="PASS">
          <reporter-output>
          </reporter-output>
        </test-method> <!-- GerarToken -->
        <test-method signature="CadastrarUsuario()[pri:1, instance:EndpointsBasicos@3bd7f8dc]" started-at="2023-09-26T21:10:50 BRT" name="CadastrarUsuario" finished-at="2023-09-26T21:10:51 BRT" duration-ms="1068" status="PASS">
          <reporter-output>
          </reporter-output>
        </test-method> <!-- CadastrarUsuario -->
        <test-method signature="BuscarumUsuario()[pri:2, instance:EndpointsBasicos@3bd7f8dc]" started-at="2023-09-26T21:10:51 BRT" name="BuscarumUsuario" finished-at="2023-09-26T21:10:52 BRT" duration-ms="1042" status="PASS">
          <reporter-output>
          </reporter-output>
        </test-method> <!-- BuscarumUsuario -->
        <test-method signature="AlterarUsuario()[pri:3, instance:EndpointsBasicos@3bd7f8dc]" started-at="2023-09-26T21:10:52 BRT" name="AlterarUsuario" finished-at="2023-09-26T21:10:53 BRT" duration-ms="1047" status="PASS">
          <reporter-output>
          </reporter-output>
        </test-method> <!-- AlterarUsuario -->
        <test-method signature="DeletarUsuario()[pri:4, instance:EndpointsBasicos@3bd7f8dc]" started-at="2023-09-26T21:10:53 BRT" name="DeletarUsuario" finished-at="2023-09-26T21:10:54 BRT" duration-ms="1197" status="PASS">
          <reporter-output>
          </reporter-output>
        </test-method> <!-- DeletarUsuario -->
        <test-method signature="BuscarUsuarios()[pri:6, instance:EndpointsBasicos@3bd7f8dc]" started-at="2023-09-26T21:10:54 BRT" name="BuscarUsuarios" finished-at="2023-09-26T21:10:56 BRT" duration-ms="1163" status="PASS">
          <reporter-output>
          </reporter-output>
        </test-method> <!-- BuscarUsuarios -->
      </class> <!-- EndpointsBasicos -->
    </test> <!-- Testes_EndpointsBasicos -->
  </suite> <!-- Suite_de_Testes -->
</testng-results>
