<?xml version="1.0" encoding="UTF-8"?>
<!-- Generated by org.testng.reporters.JUnitXMLReporter -->
<testsuite ignored="0" hostname="thundera" failures="0" tests="5" name="Test" time="9.058" errors="0" timestamp="2023-09-26T19:50:42 BRT">
  <testcase classname="EndpointsBasicos" name="CadastrarUsuario" time="1.313"/>
  <testcase classname="EndpointsBasicos" name="BuscarumUsuario" time="1.186"/>
  <testcase classname="EndpointsBasicos" name="AlterarUsuario" time="1.019"/>
  <testcase classname="EndpointsBasicos" name="DeletarUsuario" time="1.315"/>
  <testcase classname="EndpointsBasicos" name="BuscarUsuarios" time="1.502"/>
</testsuite> <!-- Test -->
