<?xml version="1.0" encoding="UTF-8"?>
<!-- Generated by org.testng.reporters.JUnitXMLReporter -->
<testsuite ignored="0" hostname="thundera" failures="0" tests="5" name="Testes_EndpointsBasicos" time="8.174" errors="0" timestamp="2023-09-26T21:10:56 BRT">
  <testcase classname="EndpointsBasicos" name="CadastrarUsuario" time="1.068"/>
  <testcase classname="EndpointsBasicos" name="BuscarumUsuario" time="1.042"/>
  <testcase classname="EndpointsBasicos" name="AlterarUsuario" time="1.047"/>
  <testcase classname="EndpointsBasicos" name="DeletarUsuario" time="1.197"/>
  <testcase classname="EndpointsBasicos" name="BuscarUsuarios" time="1.163"/>
</testsuite> <!-- Testes_EndpointsBasicos -->
