{
  "stats": {
    "suites": 9,
    "tests": 33,
    "passes": 33,
    "pending": 0,
    "failures": 0,
    "start": "2026-06-25T12:33:55.813Z",
    "end": "2026-06-25T12:34:11.184Z",
    "duration": 15371,
    "testsRegistered": 33,
    "passPercent": 100,
    "pendingPercent": 0,
    "other": 0,
    "hasOther": false,
    "skipped": 0,
    "hasSkipped": false
  },
  "results": [
    {
      "uuid": "6a3af521-39fa-4b80-907f-2fc87ca90ed9",
      "title": "",
      "fullFile": "/home/antonio/Downloads/Treinamento/Treino/Git Hub/Services/Jest/projeto3/Serverestdev/tests/tests/produto.test.js",
      "file": "/tests/tests/produto.test.js",
      "beforeHooks": [
        {
          "title": "\"before all\" hook in \"{root}\"",
          "fullTitle": "\"before all\" hook in \"{root}\"",
          "timedOut": false,
          "duration": 0,
          "state": null,
          "speed": null,
          "pass": false,
          "fail": false,
          "pending": false,
          "context": null,
          "code": "this.timeout(40000);",
          "err": {},
          "uuid": "0aa27cc6-2753-4e28-a1b4-08df952d8c5a",
          "parentUUID": "6a3af521-39fa-4b80-907f-2fc87ca90ed9",
          "isHook": true,
          "skipped": false
        }
      ],
      "afterHooks": [],
      "tests": [],
      "suites": [
        {
          "uuid": "e2ca4b58-0c92-43d8-bfcc-489598244834",
          "title": "Produto - PRD",
          "fullFile": "/home/antonio/Downloads/Treinamento/Treino/Git Hub/Services/Jest/projeto3/Serverestdev/tests/tests/produto.test.js",
          "file": "/tests/tests/produto.test.js",
          "beforeHooks": [],
          "afterHooks": [],
          "tests": [],
          "suites": [
            {
              "uuid": "e2432027-ef76-4472-aaff-29550c699d77",
              "title": "Produto - Cenários Positivos",
              "fullFile": "/home/antonio/Downloads/Treinamento/Treino/Git Hub/Services/Jest/projeto3/Serverestdev/tests/tests/produto.test.js",
              "file": "/tests/tests/produto.test.js",
              "beforeHooks": [],
              "afterHooks": [],
              "tests": [],
              "suites": [
                {
                  "uuid": "c39cf5cd-f315-44b5-ad35-b9996f728335",
                  "title": "Cadastro de Produto(s)",
                  "fullFile": "/home/antonio/Downloads/Treinamento/Treino/Git Hub/Services/Jest/projeto3/Serverestdev/tests/tests/produto.test.js",
                  "file": "/tests/tests/produto.test.js",
                  "beforeHooks": [],
                  "afterHooks": [],
                  "tests": [
                    {
                      "title": "USR-000 - Validar retorno do token JWT/autorização",
                      "fullTitle": "Produto - PRD Produto - Cenários Positivos Cadastro de Produto(s) USR-000 - Validar retorno do token JWT/autorização",
                      "timedOut": false,
                      "duration": 509,
                      "state": "passed",
                      "speed": "slow",
                      "pass": true,
                      "fail": false,
                      "pending": false,
                      "context": null,
                      "code": "const response = await request(url)\n    .post('/login')\n    .set(\"Content-Type\", \"application/json\")\n    .set(\"accept\", \"application/json\")\n    .send({\n          email: 'fulano@qa.com',\n          password: 'teste'\n    })\n expect(response.headers[\"content-type\"]).to.match(/json/);\n expect(response.status).to.equal(200);\n expect(response.body).to.have.property('authorization');\n expect(response.body.message).to.equal('Login realizado com sucesso');\n token = response.body.authorization;\n console.log('O valor do token é: ' + token);",
                      "err": {},
                      "uuid": "bc129c72-7aed-4093-8273-8438d928c28d",
                      "parentUUID": "c39cf5cd-f315-44b5-ad35-b9996f728335",
                      "isHook": false,
                      "skipped": false
                    },
                    {
                      "title": "USR-000 - Validar geração do ID do usuario",
                      "fullTitle": "Produto - PRD Produto - Cenários Positivos Cadastro de Produto(s) USR-000 - Validar geração do ID do usuario",
                      "timedOut": false,
                      "duration": 329,
                      "state": "passed",
                      "speed": "slow",
                      "pass": true,
                      "fail": false,
                      "pending": false,
                      "context": null,
                      "code": "const response = await request(url)\n    .post('/usuarios')\n    .set(\"Content-Type\", \"application/json\")\n    .set(\"accept\", \"application/json\")\n    .set(\"authorization\", token)\n    .send({\n             nome: 'Maria Delfina',\n             email: `Maria${Date.now()}y@qa.com.br`,\n             password: 'teste',\n             administrador: 'false'\n    })\n    id_usuario = response.body._id;\n    console.log('O valor do id é: ' + id_usuario);\n expect(response.status).to.equal(201);\n expect(response.body).to.have.property('_id');",
                      "err": {},
                      "uuid": "2e96f878-39bd-461b-82ae-3dd2bb4dbba5",
                      "parentUUID": "c39cf5cd-f315-44b5-ad35-b9996f728335",
                      "isHook": false,
                      "skipped": false
                    },
                    {
                      "title": "PRD-001 - Cadastrar produto válido",
                      "fullTitle": "Produto - PRD Produto - Cenários Positivos Cadastro de Produto(s) PRD-001 - Cadastrar produto válido",
                      "timedOut": false,
                      "duration": 479,
                      "state": "passed",
                      "speed": "slow",
                      "pass": true,
                      "fail": false,
                      "pending": false,
                      "context": null,
                      "code": "const response = await request(url)\n    .post('/produtos')\n    .set(\"Content-Type\", \"application/json\")\n    .set(\"accept\", \"application/json\")\n    .set(\"authorization\", token)\n    .send({\n            nome: `Logitech MX Vertical_Modelo_X${Date.now()}Y`,\n            preco: 470,\n            descricao: 'Mouse',\n            quantidade: 381\n    })\n    expect(response.status).to.equal(201);\n    expect(response.body).to.have.property('_id');\n    expect(response.body.message).to.equal('Cadastro realizado com sucesso');",
                      "err": {},
                      "uuid": "55ef0cc2-4190-4ec8-a709-232bc5a85a76",
                      "parentUUID": "c39cf5cd-f315-44b5-ad35-b9996f728335",
                      "isHook": false,
                      "skipped": false
                    },
                    {
                      "title": "PRD-002 - Cadastrar produto com estoque zero",
                      "fullTitle": "Produto - PRD Produto - Cenários Positivos Cadastro de Produto(s) PRD-002 - Cadastrar produto com estoque zero",
                      "timedOut": false,
                      "duration": 408,
                      "state": "passed",
                      "speed": "slow",
                      "pass": true,
                      "fail": false,
                      "pending": false,
                      "context": null,
                      "code": "const response = await request(url)\n    .post('/produtos')\n    .set(\"Content-Type\", \"application/json\")\n    .set(\"accept\", \"application/json\")\n    .set(\"authorization\", token)\n    .send({\n            nome: `Logitech MX Vertical_Modelo_X${Date.now()}Y`,\n            preco: 470,\n            descricao: 'Mouse',\n            quantidade: 0\n    })\n    expect(response.status).to.equal(201);\n    expect(response.body).to.have.property('_id');\n    expect(response.body.message).to.equal('Cadastro realizado com sucesso');",
                      "err": {},
                      "uuid": "b298f95b-0fc1-4a0e-b5a6-caaec75b0256",
                      "parentUUID": "c39cf5cd-f315-44b5-ad35-b9996f728335",
                      "isHook": false,
                      "skipped": false
                    },
                    {
                      "title": "PRD-003 - Cadastrar produto com quantidade bem alta",
                      "fullTitle": "Produto - PRD Produto - Cenários Positivos Cadastro de Produto(s) PRD-003 - Cadastrar produto com quantidade bem alta",
                      "timedOut": false,
                      "duration": 408,
                      "state": "passed",
                      "speed": "slow",
                      "pass": true,
                      "fail": false,
                      "pending": false,
                      "context": null,
                      "code": "const response = await request(url)\n    .post('/produtos')\n    .set(\"Content-Type\", \"application/json\")\n    .set(\"accept\", \"application/json\")\n    .set(\"authorization\", token)\n    .send({\n            nome: `Logitech MX Vertical_Modelo_X${Date.now()}Y`,\n            preco: 470,\n            descricao: 'Mouse',\n            quantidade: 3810998988787776767665\n    })\n    id_produto = response.body._id;\n    //console.log('O valor do id é: ' + id_produto);\n    expect(response.status).to.equal(400);\n    expect(response.body.quantidade).to.equal('quantidade não pode ser maior que 9007199254740991');",
                      "err": {},
                      "uuid": "e73ee2a6-9298-47c2-bbcb-61fb4d02f6d1",
                      "parentUUID": "c39cf5cd-f315-44b5-ad35-b9996f728335",
                      "isHook": false,
                      "skipped": false
                    },
                    {
                      "title": "PRD-004 - Validar geração do ID do produto",
                      "fullTitle": "Produto - PRD Produto - Cenários Positivos Cadastro de Produto(s) PRD-004 - Validar geração do ID do produto",
                      "timedOut": false,
                      "duration": 409,
                      "state": "passed",
                      "speed": "slow",
                      "pass": true,
                      "fail": false,
                      "pending": false,
                      "context": null,
                      "code": "const response = await request(url)\n    .post('/produtos')\n    .set(\"Content-Type\", \"application/json\")\n    .set(\"accept\", \"application/json\")\n    .set(\"authorization\", token)\n    .send({\n            nome: `Logitech MX Vertical_Modelo_X${Date.now()}Y`,\n            preco: 470,\n            descricao: 'Mouse',\n            quantidade: 381\n    })\n    id_produto = response.body._id;\n    console.log('O valor do id é: ' + id_produto);\n    expect(response.status).to.equal(201);\n    expect(response.body).to.have.property('_id');\n    expect(response.body.message).to.equal('Cadastro realizado com sucesso');",
                      "err": {},
                      "uuid": "3d02fa2f-531c-4b32-b0af-98f5a900f3ce",
                      "parentUUID": "c39cf5cd-f315-44b5-ad35-b9996f728335",
                      "isHook": false,
                      "skipped": false
                    }
                  ],
                  "suites": [],
                  "passes": [
                    "bc129c72-7aed-4093-8273-8438d928c28d",
                    "2e96f878-39bd-461b-82ae-3dd2bb4dbba5",
                    "55ef0cc2-4190-4ec8-a709-232bc5a85a76",
                    "b298f95b-0fc1-4a0e-b5a6-caaec75b0256",
                    "e73ee2a6-9298-47c2-bbcb-61fb4d02f6d1",
                    "3d02fa2f-531c-4b32-b0af-98f5a900f3ce"
                  ],
                  "failures": [],
                  "pending": [],
                  "skipped": [],
                  "duration": 2542,
                  "root": false,
                  "rootEmpty": false,
                  "_timeout": 40000
                },
                {
                  "uuid": "90348d3e-290c-4bf5-8df2-462108a0c785",
                  "title": "Consulta de Produto(s)",
                  "fullFile": "/home/antonio/Downloads/Treinamento/Treino/Git Hub/Services/Jest/projeto3/Serverestdev/tests/tests/produto.test.js",
                  "file": "/tests/tests/produto.test.js",
                  "beforeHooks": [],
                  "afterHooks": [],
                  "tests": [
                    {
                      "title": "PRD-005 - Listar produtos",
                      "fullTitle": "Produto - PRD Produto - Cenários Positivos Consulta de Produto(s) PRD-005 - Listar produtos",
                      "timedOut": false,
                      "duration": 416,
                      "state": "passed",
                      "speed": "slow",
                      "pass": true,
                      "fail": false,
                      "pending": false,
                      "context": null,
                      "code": "const resposta = await request(url)\n   .get('/produtos')\n   .set(\"Content-Type\", \"application/json\")\n   .set(\"Accept\", \"application/json\")\n   \nexpect(resposta.headers[\"content-type\"]).to.match(/json/);\nexpect(resposta.status).to.equal(200);\nexpect(resposta.body).to.have.property('quantidade');\nexpect(resposta.body).to.have.property('produtos');\n\n//console.log(produto.nome);\n//expect(resposta.body.produtos.find((p) => p._id === id_produto)).to.exist;\n//ou\nconst produto = resposta.body.produtos.find((p) => p._id === id_produto);\nexpect(produto.descricao).to.equal('Mouse');\nexpect(produto.preco).to.equal(470);\nexpect(produto.quantidade).to.equal(381);",
                      "err": {},
                      "uuid": "d212db10-5edc-4185-abe9-e4a850ac2b1a",
                      "parentUUID": "90348d3e-290c-4bf5-8df2-462108a0c785",
                      "isHook": false,
                      "skipped": false
                    },
                    {
                      "title": "PRD-006 - Buscar produto por ID Válido",
                      "fullTitle": "Produto - PRD Produto - Cenários Positivos Consulta de Produto(s) PRD-006 - Buscar produto por ID Válido",
                      "timedOut": false,
                      "duration": 393,
                      "state": "passed",
                      "speed": "slow",
                      "pass": true,
                      "fail": false,
                      "pending": false,
                      "context": null,
                      "code": "console.log(\"id_produto é: \"+id_produto); \nconst resposta = await request(url)\n    .get(`/produtos/${id_produto}`)\n    .set(\"Content-Type\", \"application/json\")\n    .set(\"Accept\", \"application/json\")\n \n expect(resposta.headers[\"content-type\"]).to.match(/json/);\n expect(resposta.status).to.equal(200);\n expect(resposta.body).to.have.property('nome');\n expect(resposta.body).to.have.property('preco');\n expect(resposta.body).to.have.property('descricao');\n expect(resposta.body).to.have.property('quantidade');\n expect(resposta.body).to.have.property('_id');",
                      "err": {},
                      "uuid": "06cf1031-a1b8-4f93-b081-0b1f9fb04f88",
                      "parentUUID": "90348d3e-290c-4bf5-8df2-462108a0c785",
                      "isHook": false,
                      "skipped": false
                    },
                    {
                      "title": "PRD-007 - Filtrar por preço",
                      "fullTitle": "Produto - PRD Produto - Cenários Positivos Consulta de Produto(s) PRD-007 - Filtrar por preço",
                      "timedOut": false,
                      "duration": 424,
                      "state": "passed",
                      "speed": "slow",
                      "pass": true,
                      "fail": false,
                      "pending": false,
                      "context": null,
                      "code": "const resposta = await request(url)\n   .get(`/produtos/?preco=470`)\n   .set(\"Content-Type\", \"application/json\")\n   .set(\"Accept\", \"application/json\")\n   \nexpect(resposta.headers[\"content-type\"]).to.match(/json/);\nexpect(resposta.status).to.equal(200);\nexpect(resposta.body).to.have.property('quantidade');\nexpect(resposta.body).to.have.property('produtos');\nexpect(resposta.body.produtos[0]).to.have.property('nome');\nexpect(resposta.body.produtos[0]).to.have.property('preco');\nexpect(resposta.body.produtos[0]).to.have.property('descricao');\nexpect(resposta.body.produtos[0]).to.have.property('quantidade');\nexpect(resposta.body.produtos[0]).to.have.property('nome').equal('Logitech MX Vertical');\nexpect(resposta.body.produtos[0]).to.have.property('preco').equal(470);\nexpect(resposta.body.produtos[0]).to.have.property('descricao').equal('Mouse');\nexpect(resposta.body.produtos[0]).to.have.property('quantidade').equal(382);",
                      "err": {},
                      "uuid": "8b868d7a-2f2e-4eef-bb05-33b145b409f8",
                      "parentUUID": "90348d3e-290c-4bf5-8df2-462108a0c785",
                      "isHook": false,
                      "skipped": false
                    },
                    {
                      "title": "PRD-008 - Filtrar por quantidade",
                      "fullTitle": "Produto - PRD Produto - Cenários Positivos Consulta de Produto(s) PRD-008 - Filtrar por quantidade",
                      "timedOut": false,
                      "duration": 398,
                      "state": "passed",
                      "speed": "slow",
                      "pass": true,
                      "fail": false,
                      "pending": false,
                      "context": null,
                      "code": "const resposta = await request(url)\n   .get(`/produtos/?quantidade=382`)\n   .set(\"Content-Type\", \"application/json\")\n   .set(\"Accept\", \"application/json\")\n   \nexpect(resposta.headers[\"content-type\"]).to.match(/json/);\nexpect(resposta.status).to.equal(200);\nexpect(resposta.body).to.have.property('quantidade');\nexpect(resposta.body).to.have.property('produtos');\nexpect(resposta.body.produtos[0]).to.have.property('nome');\nexpect(resposta.body.produtos[0]).to.have.property('preco');\nexpect(resposta.body.produtos[0]).to.have.property('descricao');\nexpect(resposta.body.produtos[0]).to.have.property('quantidade');\nexpect(resposta.body.produtos[0]).to.have.property('nome').equal('Logitech MX Vertical');\nexpect(resposta.body.produtos[0]).to.have.property('preco').equal(470);\nexpect(resposta.body.produtos[0]).to.have.property('descricao').equal('Mouse');\nexpect(resposta.body.produtos[0]).to.have.property('quantidade').equal(382);",
                      "err": {},
                      "uuid": "9338c1bd-b95e-4b4a-8841-686198203024",
                      "parentUUID": "90348d3e-290c-4bf5-8df2-462108a0c785",
                      "isHook": false,
                      "skipped": false
                    }
                  ],
                  "suites": [],
                  "passes": [
                    "d212db10-5edc-4185-abe9-e4a850ac2b1a",
                    "06cf1031-a1b8-4f93-b081-0b1f9fb04f88",
                    "8b868d7a-2f2e-4eef-bb05-33b145b409f8",
                    "9338c1bd-b95e-4b4a-8841-686198203024"
                  ],
                  "failures": [],
                  "pending": [],
                  "skipped": [],
                  "duration": 1631,
                  "root": false,
                  "rootEmpty": false,
                  "_timeout": 40000
                },
                {
                  "uuid": "8cc30b5d-9a45-47d3-85de-37bb80e0bb5c",
                  "title": "Alteração de Produto(s)",
                  "fullFile": "/home/antonio/Downloads/Treinamento/Treino/Git Hub/Services/Jest/projeto3/Serverestdev/tests/tests/produto.test.js",
                  "file": "/tests/tests/produto.test.js",
                  "beforeHooks": [],
                  "afterHooks": [],
                  "tests": [
                    {
                      "title": "PRD-009 - Alterar Nome do Produto",
                      "fullTitle": "Produto - PRD Produto - Cenários Positivos Alteração de Produto(s) PRD-009 - Alterar Nome do Produto",
                      "timedOut": false,
                      "duration": 402,
                      "state": "passed",
                      "speed": "slow",
                      "pass": true,
                      "fail": false,
                      "pending": false,
                      "context": null,
                      "code": "const resposta = await request(url)\n   .put(`/produtos/${id_produto}`)\n   .set(\"Content-Type\", \"application/json\")\n   .set(\"Accept\", \"application/json\")\n   .set(\"authorization\", token)\n   .send({\n           nome: `Logitech MX Vertical_Modelo_X${Date.now()}Y`\n   }) \nexpect(resposta.headers[\"content-type\"]).to.match(/json/);\nexpect(resposta.status).to.equal(400);\nexpect(resposta.body.preco).to.equal('preco é obrigatório');\nexpect(resposta.body.descricao).to.equal('descricao é obrigatório');\nexpect(resposta.body.quantidade).to.equal('quantidade é obrigatório');",
                      "err": {},
                      "uuid": "351aa0bf-cee2-40c8-988c-28b84b9fb8e2",
                      "parentUUID": "8cc30b5d-9a45-47d3-85de-37bb80e0bb5c",
                      "isHook": false,
                      "skipped": false
                    },
                    {
                      "title": "PRD-010 - Alterar Preço do Produto",
                      "fullTitle": "Produto - PRD Produto - Cenários Positivos Alteração de Produto(s) PRD-010 - Alterar Preço do Produto",
                      "timedOut": false,
                      "duration": 411,
                      "state": "passed",
                      "speed": "slow",
                      "pass": true,
                      "fail": false,
                      "pending": false,
                      "context": null,
                      "code": "const resposta = await request(url)\n   .put(`/produtos/${id_produto}`)\n   .set(\"Content-Type\", \"application/json\")\n   .set(\"Accept\", \"application/json\")\n   .set(\"authorization\", token)\n   .send({\n           preco: 870\n   }) \nexpect(resposta.headers[\"content-type\"]).to.match(/json/);\nexpect(resposta.status).to.equal(400);\nexpect(resposta.body.nome).to.equal('nome é obrigatório');\nexpect(resposta.body.descricao).to.equal('descricao é obrigatório');\nexpect(resposta.body.quantidade).to.equal('quantidade é obrigatório');",
                      "err": {},
                      "uuid": "483246e7-b333-4874-bafd-202dd416bdbb",
                      "parentUUID": "8cc30b5d-9a45-47d3-85de-37bb80e0bb5c",
                      "isHook": false,
                      "skipped": false
                    },
                    {
                      "title": "PRD-011 - Alterar Estoque do Produto",
                      "fullTitle": "Produto - PRD Produto - Cenários Positivos Alteração de Produto(s) PRD-011 - Alterar Estoque do Produto",
                      "timedOut": false,
                      "duration": 403,
                      "state": "passed",
                      "speed": "slow",
                      "pass": true,
                      "fail": false,
                      "pending": false,
                      "context": null,
                      "code": "const resposta = await request(url)\n   .put(`/produtos/${id_produto}`)\n   .set(\"Content-Type\", \"application/json\")\n   .set(\"Accept\", \"application/json\")\n   .set(\"authorization\", token)\n   .send({\n           quantidade: 181\n   }) \nexpect(resposta.headers[\"content-type\"]).to.match(/json/);\nexpect(resposta.status).to.equal(400);\nexpect(resposta.body.nome).to.equal('nome é obrigatório');\nexpect(resposta.body.descricao).to.equal('descricao é obrigatório');\nexpect(resposta.body.preco).to.equal('preco é obrigatório');",
                      "err": {},
                      "uuid": "7dc0de0f-bb2a-4363-9de7-07b29837b3f1",
                      "parentUUID": "8cc30b5d-9a45-47d3-85de-37bb80e0bb5c",
                      "isHook": false,
                      "skipped": false
                    },
                    {
                      "title": "PRD-012 - Alterar Descrição do Produto",
                      "fullTitle": "Produto - PRD Produto - Cenários Positivos Alteração de Produto(s) PRD-012 - Alterar Descrição do Produto",
                      "timedOut": false,
                      "duration": 412,
                      "state": "passed",
                      "speed": "slow",
                      "pass": true,
                      "fail": false,
                      "pending": false,
                      "context": null,
                      "code": "const resposta = await request(url)\n   .put(`/produtos/${id_produto}`)\n   .set(\"Content-Type\", \"application/json\")\n   .set(\"Accept\", \"application/json\")\n   .set(\"authorization\", token)\n   .send({\n           descricao: 'Teclado'\n   }) \nexpect(resposta.headers[\"content-type\"]).to.match(/json/);\nexpect(resposta.status).to.equal(400);\nexpect(resposta.body.nome).to.equal('nome é obrigatório');\nexpect(resposta.body.preco).to.equal('preco é obrigatório');\nexpect(resposta.body.quantidade).to.equal('quantidade é obrigatório');",
                      "err": {},
                      "uuid": "de5d3de3-610c-4e43-abf2-853ed9d48ff4",
                      "parentUUID": "8cc30b5d-9a45-47d3-85de-37bb80e0bb5c",
                      "isHook": false,
                      "skipped": false
                    }
                  ],
                  "suites": [],
                  "passes": [
                    "351aa0bf-cee2-40c8-988c-28b84b9fb8e2",
                    "483246e7-b333-4874-bafd-202dd416bdbb",
                    "7dc0de0f-bb2a-4363-9de7-07b29837b3f1",
                    "de5d3de3-610c-4e43-abf2-853ed9d48ff4"
                  ],
                  "failures": [],
                  "pending": [],
                  "skipped": [],
                  "duration": 1628,
                  "root": false,
                  "rootEmpty": false,
                  "_timeout": 40000
                },
                {
                  "uuid": "65aeaf59-5cea-4f73-856a-3fb306caaeba",
                  "title": "Exclusão de Produto(s)",
                  "fullFile": "/home/antonio/Downloads/Treinamento/Treino/Git Hub/Services/Jest/projeto3/Serverestdev/tests/tests/produto.test.js",
                  "file": "/tests/tests/produto.test.js",
                  "beforeHooks": [],
                  "afterHooks": [],
                  "tests": [
                    {
                      "title": "PRD-013 - Excluir Produto existente",
                      "fullTitle": "Produto - PRD Produto - Cenários Positivos Exclusão de Produto(s) PRD-013 - Excluir Produto existente",
                      "timedOut": false,
                      "duration": 822,
                      "state": "passed",
                      "speed": "slow",
                      "pass": true,
                      "fail": false,
                      "pending": false,
                      "context": null,
                      "code": "const response = await request(url)\n  .post('/produtos')\n  .set(\"Content-Type\", \"application/json\")\n  .set(\"accept\", \"application/json\")\n  .set(\"authorization\", token)\n  .send({\n          nome: `Logitech MX Vertical_Modelo_X${Date.now()}Y`,\n          preco: 470,\n          descricao: 'Mouse',\n          quantidade: 383\n  })\n  id_produto = response.body._id;\n  \n         const resposta = await request(url)\n  .del(`/produtos/${id_produto}`)\n  .set(\"Content-Type\", \"application/json\")\n  .set(\"Accept\", \"application/json\")\n  .set(\"authorization\", token)\n  \n         expect(resposta.headers[\"content-type\"]).to.match(/json/);\n         expect(resposta.status).to.equal(200);\n         expect(resposta.body.message).to.equal('Registro excluído com sucesso');",
                      "err": {},
                      "uuid": "c09c89f5-2407-4374-adc8-917eb6005ae6",
                      "parentUUID": "65aeaf59-5cea-4f73-856a-3fb306caaeba",
                      "isHook": false,
                      "skipped": false
                    },
                    {
                      "title": "PRD-014 - Confirmar remoção após exclusão",
                      "fullTitle": "Produto - PRD Produto - Cenários Positivos Exclusão de Produto(s) PRD-014 - Confirmar remoção após exclusão",
                      "timedOut": false,
                      "duration": 1220,
                      "state": "passed",
                      "speed": "slow",
                      "pass": true,
                      "fail": false,
                      "pending": false,
                      "context": null,
                      "code": "const resposta_adicionar_produto= await request(url)\n  .post('/produtos')\n  .set(\"Content-Type\", \"application/json\")\n  .set(\"accept\", \"application/json\")\n  .set(\"authorization\", token)\n  .send({\n          nome: `Logitech MX Vertical_Modelo_X${Date.now()}Y`,\n          preco: 470,\n          descricao: 'Mouse',\n          quantidade: 383\n  })\n  id_produto = resposta_adicionar_produto.body._id;\n  \n         const resposta_deletar_produto = await request(url)\n  .del(`/produtos/${id_produto}`)\n  .set(\"Content-Type\", \"application/json\")\n  .set(\"Accept\", \"application/json\")\n  .set(\"authorization\", token)\n  \n         expect(resposta_deletar_produto.headers[\"content-type\"]).to.match(/json/);\n         expect(resposta_deletar_produto.status).to.equal(200);\n         expect(resposta_deletar_produto.body.message).to.equal('Registro excluído com sucesso');\n\n        //console.log(\"id_produto é: \"+id_produto); \n         const resposta_consultar_produto = await request(url)\n  .get(`/produtos/${id_produto}`)\n  .set(\"Content-Type\", \"application/json\")\n  .set(\"Accept\", \"application/json\")\n         \n         expect(resposta_consultar_produto.headers[\"content-type\"]).to.match(/json/);\n         expect(resposta_consultar_produto.status).to.equal(400);\n         expect(resposta_consultar_produto.body.message).to.equal('Produto não encontrado');",
                      "err": {},
                      "uuid": "5de778d6-2bf9-4044-9c62-0bb98f61feb1",
                      "parentUUID": "65aeaf59-5cea-4f73-856a-3fb306caaeba",
                      "isHook": false,
                      "skipped": false
                    }
                  ],
                  "suites": [],
                  "passes": [
                    "c09c89f5-2407-4374-adc8-917eb6005ae6",
                    "5de778d6-2bf9-4044-9c62-0bb98f61feb1"
                  ],
                  "failures": [],
                  "pending": [],
                  "skipped": [],
                  "duration": 2042,
                  "root": false,
                  "rootEmpty": false,
                  "_timeout": 40000
                }
              ],
              "passes": [],
              "failures": [],
              "pending": [],
              "skipped": [],
              "duration": 0,
              "root": false,
              "rootEmpty": false,
              "_timeout": 40000
            },
            {
              "uuid": "65a27e76-86c2-4e69-843d-940d360830f5",
              "title": "Produto - Cenários Negativos",
              "fullFile": "/home/antonio/Downloads/Treinamento/Treino/Git Hub/Services/Jest/projeto3/Serverestdev/tests/tests/produto.test.js",
              "file": "/tests/tests/produto.test.js",
              "beforeHooks": [],
              "afterHooks": [],
              "tests": [
                {
                  "title": "PRD-015 - Cadastrar produto sem nome",
                  "fullTitle": "Produto - PRD Produto - Cenários Negativos PRD-015 - Cadastrar produto sem nome",
                  "timedOut": false,
                  "duration": 410,
                  "state": "passed",
                  "speed": "slow",
                  "pass": true,
                  "fail": false,
                  "pending": false,
                  "context": null,
                  "code": "const response = await request(url)\n   .post('/produtos')\n   .set(\"Content-Type\", \"application/json\")\n   .set(\"accept\", \"application/json\")\n   .set(\"authorization\", token)\n   .send({\n           preco: 470,\n           descricao: 'Mouse',\n           quantidade: 381\n   })\n   expect(response.status).to.equal(400);\n   expect(response.body).to.have.property('nome');\n   expect(response.body.nome).to.equal('nome é obrigatório');",
                  "err": {},
                  "uuid": "11010bad-8656-4b3c-8460-20c3afeeb9ca",
                  "parentUUID": "65a27e76-86c2-4e69-843d-940d360830f5",
                  "isHook": false,
                  "skipped": false
                },
                {
                  "title": "PRD-016 - Cadastrar produto sem preço",
                  "fullTitle": "Produto - PRD Produto - Cenários Negativos PRD-016 - Cadastrar produto sem preço",
                  "timedOut": false,
                  "duration": 404,
                  "state": "passed",
                  "speed": "slow",
                  "pass": true,
                  "fail": false,
                  "pending": false,
                  "context": null,
                  "code": "const response = await request(url)\n   .post('/produtos')\n   .set(\"Content-Type\", \"application/json\")\n   .set(\"accept\", \"application/json\")\n   .set(\"authorization\", token)\n   .send({\n           nome: `Logitech MX Vertical_Modelo_X${Date.now()}Y`,\n           descricao: 'Mouse',\n           quantidade: 381\n   })\n   expect(response.status).to.equal(400);\n   expect(response.body).to.have.property('preco');\n   expect(response.body.preco).to.equal('preco é obrigatório');",
                  "err": {},
                  "uuid": "f9f4a178-d95c-49cf-8aae-f7f8c3ee06b9",
                  "parentUUID": "65a27e76-86c2-4e69-843d-940d360830f5",
                  "isHook": false,
                  "skipped": false
                },
                {
                  "title": "PRD-017 - Cadastrar produto com preço negativo",
                  "fullTitle": "Produto - PRD Produto - Cenários Negativos PRD-017 - Cadastrar produto com preço negativo",
                  "timedOut": false,
                  "duration": 415,
                  "state": "passed",
                  "speed": "slow",
                  "pass": true,
                  "fail": false,
                  "pending": false,
                  "context": null,
                  "code": "const response = await request(url)\n   .post('/produtos')\n   .set(\"Content-Type\", \"application/json\")\n   .set(\"accept\", \"application/json\")\n   .set(\"authorization\", token)\n   .send({\n           nome: `Logitech MX Vertical_Modelo_X${Date.now()}Y`,\n           descricao: 'Mouse',\n           preco: -470,\n           quantidade: 381\n   })\n   expect(response.status).to.equal(400);\n   expect(response.body).to.have.property('preco');\n   expect(response.body.preco).to.equal('preco deve ser um número positivo');",
                  "err": {},
                  "uuid": "8f0fb1fc-3cac-4041-90c9-6e9d3e3ad10d",
                  "parentUUID": "65a27e76-86c2-4e69-843d-940d360830f5",
                  "isHook": false,
                  "skipped": false
                },
                {
                  "title": "PRD-018 - Cadastrar produto com quantidade negativa",
                  "fullTitle": "Produto - PRD Produto - Cenários Negativos PRD-018 - Cadastrar produto com quantidade negativa",
                  "timedOut": false,
                  "duration": 371,
                  "state": "passed",
                  "speed": "slow",
                  "pass": true,
                  "fail": false,
                  "pending": false,
                  "context": null,
                  "code": "const response = await request(url)\n   .post('/produtos')\n   .set(\"Content-Type\", \"application/json\")\n   .set(\"accept\", \"application/json\")\n   .set(\"authorization\", token)\n   .send({\n           nome: `Logitech MX Vertical_Modelo_X${Date.now()}Y`,\n           descricao: 'Mouse',\n           preco: 470,\n           quantidade: -381\n   })\n   expect(response.status).to.equal(400);\n   expect(response.body).to.have.property('quantidade');\n   expect(response.body.quantidade).to.equal('quantidade deve ser maior ou igual a 0');",
                  "err": {},
                  "uuid": "b23f3c05-600e-4609-92f0-9b5248286c54",
                  "parentUUID": "65a27e76-86c2-4e69-843d-940d360830f5",
                  "isHook": false,
                  "skipped": false
                },
                {
                  "title": "PRD-019 - Cadastrar produto dulicado",
                  "fullTitle": "Produto - PRD Produto - Cenários Negativos PRD-019 - Cadastrar produto dulicado",
                  "timedOut": false,
                  "duration": 1054,
                  "state": "passed",
                  "speed": "slow",
                  "pass": true,
                  "fail": false,
                  "pending": false,
                  "context": null,
                  "code": "await request(url)\n   .post('/produtos')\n   .set(\"Content-Type\", \"application/json\")\n   .set(\"accept\", \"application/json\")\n   .set(\"authorization\", token)\n   .send({\n           nome: `Logitech MX Vertical_Modelo_XPTO01Y`,\n           descricao: 'Mouse',\n           preco: 470,\n           quantidade: 381\n   })\n\nconst response = await request(url)\n   .post('/produtos')\n   .set(\"Content-Type\", \"application/json\")\n   .set(\"accept\", \"application/json\")\n   .set(\"authorization\", token)\n   .send({\n           nome: `Logitech MX Vertical_Modelo_XPTO01Y`,\n           descricao: 'Mouse',\n           preco: 470,\n           quantidade: 381\n   })\n   expect(response.status).to.equal(400);\n   expect(response.body.message).to.equal('Já existe produto com esse nome');",
                  "err": {},
                  "uuid": "9f0a387f-5e16-41ed-989f-f48d6625b673",
                  "parentUUID": "65a27e76-86c2-4e69-843d-940d360830f5",
                  "isHook": false,
                  "skipped": false
                },
                {
                  "title": "PRD-020 - Cadastrar produto sem token",
                  "fullTitle": "Produto - PRD Produto - Cenários Negativos PRD-020 - Cadastrar produto sem token",
                  "timedOut": false,
                  "duration": 410,
                  "state": "passed",
                  "speed": "slow",
                  "pass": true,
                  "fail": false,
                  "pending": false,
                  "context": null,
                  "code": "const response = await request(url)\n   .post('/produtos')\n   .set(\"Content-Type\", \"application/json\")\n   .set(\"accept\", \"application/json\")\n   .send({\n           nome: `Logitech MX Vertical_Modelo_X${Date.now()}Y`,\n           descricao: 'Mouse',\n           preco: 470,\n           quantidade: 381\n   })\n   expect(response.status).to.equal(401);\n   expect(response.body.message).to.equal('Token de acesso ausente, inválido, expirado ou usuário do token não existe mais');",
                  "err": {},
                  "uuid": "69c1ec11-fdb8-487c-ac60-7fe37df66dd4",
                  "parentUUID": "65a27e76-86c2-4e69-843d-940d360830f5",
                  "isHook": false,
                  "skipped": false
                },
                {
                  "title": "PRD-021 - Buscar produto inexistente",
                  "fullTitle": "Produto - PRD Produto - Cenários Negativos PRD-021 - Buscar produto inexistente",
                  "timedOut": false,
                  "duration": 624,
                  "state": "passed",
                  "speed": "slow",
                  "pass": true,
                  "fail": false,
                  "pending": false,
                  "context": null,
                  "code": "id_produto = \"tG9btt3KGER89TZG\";\n   const response = await request(url)\n   .get(`/produtos/${id_produto}`)\n   .set(\"Content-Type\", \"application/json\")\n   .set(\"Accept\", \"application/json\")\n   expect(response.status).to.equal(400);\n   expect(response.body.message).to.equal('Produto não encontrado');",
                  "err": {},
                  "uuid": "c88f3680-f7bf-436a-81d4-890b69130087",
                  "parentUUID": "65a27e76-86c2-4e69-843d-940d360830f5",
                  "isHook": false,
                  "skipped": false
                },
                {
                  "title": "PRD-022 - Alterar produto inexistente",
                  "fullTitle": "Produto - PRD Produto - Cenários Negativos PRD-022 - Alterar produto inexistente",
                  "timedOut": false,
                  "duration": 397,
                  "state": "passed",
                  "speed": "slow",
                  "pass": true,
                  "fail": false,
                  "pending": false,
                  "context": null,
                  "code": "id_produto = \"tG9btt3KGER89TZG\";\n   const response = await request(url)\n   .put(`/produtos/${id_produto}`)\n   .set(\"Content-Type\", \"application/json\")\n   .set(\"Accept\", \"application/json\")\n   .set(\"authorization\", token)\n   .send({\n           nome: `Logitech MX Vertical_Modelo_X${Date.now()}Y`,\n           descricao: 'Mouse',\n           preco: 470,\n           quantidade: 381\n   })\n \n   expect(response.status).to.equal(201);\n   expect(response.body.message).to.equal('Cadastro realizado com sucesso');",
                  "err": {},
                  "uuid": "8ed0f43e-8181-4087-8b3a-1830bed33e1c",
                  "parentUUID": "65a27e76-86c2-4e69-843d-940d360830f5",
                  "isHook": false,
                  "skipped": false
                },
                {
                  "title": "PRD-023 - Excluir produto inexistente",
                  "fullTitle": "Produto - PRD Produto - Cenários Negativos PRD-023 - Excluir produto inexistente",
                  "timedOut": false,
                  "duration": 509,
                  "state": "passed",
                  "speed": "slow",
                  "pass": true,
                  "fail": false,
                  "pending": false,
                  "context": null,
                  "code": "id_produto = \"tG9btt3KGER89TZG\";\n   const response = await request(url)\n   .del(`/produtos/${id_produto}`)\n   .set(\"Content-Type\", \"application/json\")\n   .set(\"Accept\", \"application/json\")\n   .set(\"authorization\", token)\n \n   expect(response.status).to.equal(200);\n   expect(response.body.message).to.equal('Nenhum registro excluído');",
                  "err": {},
                  "uuid": "1e4c00bb-6b56-44ab-ba89-021617959098",
                  "parentUUID": "65a27e76-86c2-4e69-843d-940d360830f5",
                  "isHook": false,
                  "skipped": false
                },
                {
                  "title": "PRD-024 - Excluir produto associado a carrinho",
                  "fullTitle": "Produto - PRD Produto - Cenários Negativos PRD-024 - Excluir produto associado a carrinho",
                  "timedOut": false,
                  "duration": 408,
                  "state": "passed",
                  "speed": "slow",
                  "pass": true,
                  "fail": false,
                  "pending": false,
                  "context": null,
                  "code": "id_produto = \"BeeJh5lz3k6kSIzA\";\n   const response = await request(url)\n   .del(`/produtos/${id_produto}`)\n   .set(\"Content-Type\", \"application/json\")\n   .set(\"Accept\", \"application/json\")\n   .set(\"authorization\", token)\n \n   expect(response.status).to.equal(400);\n   expect(response.body.message).to.equal('Não é permitido excluir produto que faz parte de carrinho');\n   expect(response.body.idCarrinhos[0]).to.equal('qbMqntef4iTOwWfg');",
                  "err": {},
                  "uuid": "df1f22b8-a1d7-483c-8c19-e8bcc5108d42",
                  "parentUUID": "65a27e76-86c2-4e69-843d-940d360830f5",
                  "isHook": false,
                  "skipped": false
                }
              ],
              "suites": [],
              "passes": [
                "11010bad-8656-4b3c-8460-20c3afeeb9ca",
                "f9f4a178-d95c-49cf-8aae-f7f8c3ee06b9",
                "8f0fb1fc-3cac-4041-90c9-6e9d3e3ad10d",
                "b23f3c05-600e-4609-92f0-9b5248286c54",
                "9f0a387f-5e16-41ed-989f-f48d6625b673",
                "69c1ec11-fdb8-487c-ac60-7fe37df66dd4",
                "c88f3680-f7bf-436a-81d4-890b69130087",
                "8ed0f43e-8181-4087-8b3a-1830bed33e1c",
                "1e4c00bb-6b56-44ab-ba89-021617959098",
                "df1f22b8-a1d7-483c-8c19-e8bcc5108d42"
              ],
              "failures": [],
              "pending": [],
              "skipped": [],
              "duration": 5002,
              "root": false,
              "rootEmpty": false,
              "_timeout": 40000
            },
            {
              "uuid": "80818a4d-76df-4187-8b5b-2535a2a835d4",
              "title": "Produto - Cenários Alternativos",
              "fullFile": "/home/antonio/Downloads/Treinamento/Treino/Git Hub/Services/Jest/projeto3/Serverestdev/tests/tests/produto.test.js",
              "file": "/tests/tests/produto.test.js",
              "beforeHooks": [],
              "afterHooks": [],
              "tests": [
                {
                  "title": "PRD-025 - Cadastrar Produto com preço zero",
                  "fullTitle": "Produto - PRD Produto - Cenários Alternativos PRD-025 - Cadastrar Produto com preço zero",
                  "timedOut": false,
                  "duration": 405,
                  "state": "passed",
                  "speed": "slow",
                  "pass": true,
                  "fail": false,
                  "pending": false,
                  "context": null,
                  "code": "const response = await request(url)\n    .post('/produtos')\n    .set(\"Content-Type\", \"application/json\")\n    .set(\"accept\", \"application/json\")\n    .set(\"authorization\", token)\n    .send({\n            nome: `Logitech MX Vertical_Modelo_X${Date.now()}Y`,\n            descricao: 'Mouse',\n            preco: 0,\n            quantidade: 381\n    })\n expect(response.headers[\"content-type\"]).to.match(/json/);\n expect(response.status).to.equal(400);\n expect(response.body.preco).to.equal('preco deve ser um número positivo');",
                  "err": {},
                  "uuid": "7be8fd01-bd2a-4c04-b94a-a51eef303cef",
                  "parentUUID": "80818a4d-76df-4187-8b5b-2535a2a835d4",
                  "isHook": false,
                  "skipped": false
                },
                {
                  "title": "PRD-026 - Cadastrar Produto com descriçao vazia",
                  "fullTitle": "Produto - PRD Produto - Cenários Alternativos PRD-026 - Cadastrar Produto com descriçao vazia",
                  "timedOut": false,
                  "duration": 411,
                  "state": "passed",
                  "speed": "slow",
                  "pass": true,
                  "fail": false,
                  "pending": false,
                  "context": null,
                  "code": "const response = await request(url)\n    .post('/produtos')\n    .set(\"Content-Type\", \"application/json\")\n    .set(\"accept\", \"application/json\")\n    .set(\"authorization\", token)\n    .send({\n            nome: `Logitech MX Vertical_Modelo_X${Date.now()}Y`,\n            descricao: '',\n            preco: 481,\n            quantidade: 381\n    })\n expect(response.headers[\"content-type\"]).to.match(/json/);\n expect(response.status).to.equal(400);\n expect(response.body.descricao).to.equal('descricao não pode ficar em branco');",
                  "err": {},
                  "uuid": "828cb1c3-dcde-4525-96a3-efa3712bdf9c",
                  "parentUUID": "80818a4d-76df-4187-8b5b-2535a2a835d4",
                  "isHook": false,
                  "skipped": false
                },
                {
                  "title": "PRD-027 - Cadastrar Produto com caracteres especiais",
                  "fullTitle": "Produto - PRD Produto - Cenários Alternativos PRD-027 - Cadastrar Produto com caracteres especiais",
                  "timedOut": false,
                  "duration": 816,
                  "state": "passed",
                  "speed": "slow",
                  "pass": true,
                  "fail": false,
                  "pending": false,
                  "context": null,
                  "code": "const response = await request(url)\n   .post('/produtos')\n   .set(\"Content-Type\", \"application/json\")\n   .set(\"accept\", \"application/json\")\n   .set(\"authorization\", token)\n   .send({\n           nome: `%**(((&%$$#!@#$%*()$%*((((***)))(*(*(**))))(*&$%*()))))`,\n           descricao: 'Mouse',\n           preco: 481,\n           quantidade: 381\n   })\n   id_produto = response.body._id;\nexpect(response.headers[\"content-type\"]).to.match(/json/);\nexpect(response.status).to.equal(201);\nexpect(response.body.message).to.equal('Cadastro realizado com sucesso');\nawait request(url)\n   .del(`/produtos/${id_produto}`)\n   .set(\"Content-Type\", \"application/json\")\n   .set(\"accept\", \"application/json\")\n   .set(\"authorization\", token)",
                  "err": {},
                  "uuid": "b4f02e9e-0ca9-4f33-8171-5ee39a90ca4a",
                  "parentUUID": "80818a4d-76df-4187-8b5b-2535a2a835d4",
                  "isHook": false,
                  "skipped": false
                },
                {
                  "title": "PRD-028 - Atualização Parcial dos dados",
                  "fullTitle": "Produto - PRD Produto - Cenários Alternativos PRD-028 - Atualização Parcial dos dados",
                  "timedOut": false,
                  "duration": 821,
                  "state": "passed",
                  "speed": "slow",
                  "pass": true,
                  "fail": false,
                  "pending": false,
                  "context": null,
                  "code": "const resposta = await request(url)\n   .post('/produtos')\n   .set(\"Content-Type\", \"application/json\")\n   .set(\"accept\", \"application/json\")\n   .set(\"authorization\", token)\n   .send({\n           nome: `Logitech MX Vertical_Modelo_X${Date.now()}Y`,\n           descricao: 'Mouse',\n           preco: 481,\n           quantidade: 381\n   })\n   id_produto = resposta.body._id;\nconst response = await request(url)\n   .put(`/produtos/${id_produto}`)\n   .set(\"Content-Type\", \"application/json\")\n   .set(\"accept\", \"application/json\")\n   .set(\"authorization\", token)\n   .send({\n           preco: 555,\n           quantidade: 381\n    })\nexpect(response.headers[\"content-type\"]).to.match(/json/);\nexpect(response.status).to.equal(400);\nexpect(response.body.nome).to.equal('nome é obrigatório');\nexpect(response.body.descricao).to.equal('descricao é obrigatório');",
                  "err": {},
                  "uuid": "a7cb8239-abf2-4405-a6b8-aab01f78ec46",
                  "parentUUID": "80818a4d-76df-4187-8b5b-2535a2a835d4",
                  "isHook": false,
                  "skipped": false
                }
              ],
              "suites": [],
              "passes": [
                "7be8fd01-bd2a-4c04-b94a-a51eef303cef",
                "828cb1c3-dcde-4525-96a3-efa3712bdf9c",
                "b4f02e9e-0ca9-4f33-8171-5ee39a90ca4a",
                "a7cb8239-abf2-4405-a6b8-aab01f78ec46"
              ],
              "failures": [],
              "pending": [],
              "skipped": [],
              "duration": 2453,
              "root": false,
              "rootEmpty": false,
              "_timeout": 40000
            },
            {
              "uuid": "ad56fa3c-7511-4cf7-8239-be3845dd416c",
              "title": "Produto - Cenários de Exceção",
              "fullFile": "/home/antonio/Downloads/Treinamento/Treino/Git Hub/Services/Jest/projeto3/Serverestdev/tests/tests/produto.test.js",
              "file": "/tests/tests/produto.test.js",
              "beforeHooks": [],
              "afterHooks": [],
              "tests": [
                {
                  "title": "PRD-029 - Deve retornar erro quando ocorrer falha na atualização do estoque",
                  "fullTitle": "Produto - PRD Produto - Cenários de Exceção PRD-029 - Deve retornar erro quando ocorrer falha na atualização do estoque",
                  "timedOut": false,
                  "duration": 1,
                  "state": "passed",
                  "speed": "fast",
                  "pass": true,
                  "fail": false,
                  "pending": false,
                  "context": null,
                  "code": "console.log(\"Não automatizável na camada de API pública\");\n        console.log(\"Necessário acesso ao backend ou ambiente controlado.\")",
                  "err": {},
                  "uuid": "9e6d7539-844e-45a8-ac01-95fe8075cae7",
                  "parentUUID": "ad56fa3c-7511-4cf7-8239-be3845dd416c",
                  "isHook": false,
                  "skipped": false
                },
                {
                  "title": "PRD-030 - Deve retornar erro quando ocorrer exclusão de um produto",
                  "fullTitle": "Produto - PRD Produto - Cenários de Exceção PRD-030 - Deve retornar erro quando ocorrer exclusão de um produto",
                  "timedOut": false,
                  "duration": 1,
                  "state": "passed",
                  "speed": "fast",
                  "pass": true,
                  "fail": false,
                  "pending": false,
                  "context": null,
                  "code": "console.log(\"Não automatizável na camada de API pública\");\n        console.log(\"Necessário acesso ao backend ou ambiente controlado.\")",
                  "err": {},
                  "uuid": "b117f116-1a18-4903-9c0d-1f2f9e7e440d",
                  "parentUUID": "ad56fa3c-7511-4cf7-8239-be3845dd416c",
                  "isHook": false,
                  "skipped": false
                },
                {
                  "title": "PRD-031 - Timeout durante cadastro",
                  "fullTitle": "Produto - PRD Produto - Cenários de Exceção PRD-031 - Timeout durante cadastro",
                  "timedOut": false,
                  "duration": 8,
                  "state": "passed",
                  "speed": "fast",
                  "pass": true,
                  "fail": false,
                  "pending": false,
                  "context": null,
                  "code": "try{\n   await request(url)\n   .post('/produtos')\n   .set(\"Content-Type\", \"application/json\")\n   .set(\"accept\", \"application/json\")\n   .set(\"authorization\", token)\n   .send({\n           nome: `Logitech MX Vertical_Modelo_X${Date.now()}Y`,\n           descricao: 'Mouse',\n           preco: 481,\n           quantidade: 381\n   })\n   .timeout({\n        response: 1\n      });\n           expect.fail('Timeout deveria ocorrer');\n        } catch (error) {\n            expect(error.code).to.equal('ECONNABORTED');\n            expect(error.message).to.contain('timeout');\n            //console.log(error);\n        };",
                  "err": {},
                  "uuid": "c80b09dc-d936-4923-9607-8fb5c6bb0fd6",
                  "parentUUID": "ad56fa3c-7511-4cf7-8239-be3845dd416c",
                  "isHook": false,
                  "skipped": false
                }
              ],
              "suites": [],
              "passes": [
                "9e6d7539-844e-45a8-ac01-95fe8075cae7",
                "b117f116-1a18-4903-9c0d-1f2f9e7e440d",
                "c80b09dc-d936-4923-9607-8fb5c6bb0fd6"
              ],
              "failures": [],
              "pending": [],
              "skipped": [],
              "duration": 10,
              "root": false,
              "rootEmpty": false,
              "_timeout": 40000
            }
          ],
          "passes": [],
          "failures": [],
          "pending": [],
          "skipped": [],
          "duration": 0,
          "root": false,
          "rootEmpty": false,
          "_timeout": 40000
        }
      ],
      "passes": [],
      "failures": [],
      "pending": [],
      "skipped": [],
      "duration": 0,
      "root": true,
      "rootEmpty": true,
      "_timeout": 40000
    }
  ],
  "meta": {
    "mocha": {
      "version": "11.7.6"
    },
    "mochawesome": {
      "options": {
        "quiet": false,
        "reportFilename": "mochawesome",
        "saveHtml": true,
        "saveJson": true,
        "consoleReporter": "spec",
        "useInlineDiffs": false,
        "code": true
      },
      "version": "7.1.4"
    },
    "marge": {
      "options": null,
      "version": "6.3.2"
    }
  }
}