<?xml version="1.0" encoding="UTF-8"?>
<robot generator="Robot 7.4.2 (Python 3.14.2 on win32)" generated="2026-04-24T08:45:12.178423" rpa="false" schemaversion="5">
<suite id="s1" name="Desafio2" source="c:\Treinamento\Treino\bianca campos\Kickoff2026\tests\scripts\desafio2.robot">
<test id="s1-t1" name="CT02 - Validar Efetuar Login com credenciais invalidas" line="32">
<kw name="Abro o Navegador" owner="keywords_desafio2" type="SETUP">
<kw name="Set Selenium Speed" owner="SeleniumLibrary">
<arg>value=${Selenium_Speed}</arg>
<doc>Sets the delay that is waited after each Selenium command.</doc>
<status status="PASS" start="2026-04-24T08:45:12.562375" elapsed="0.000624"/>
</kw>
<kw name="Open Browser" owner="SeleniumLibrary">
<msg time="2026-04-24T08:45:12.563663" level="INFO">Opening browser 'Chrome' to base url 'https://practicetestautomation.com/practice-test-login/'.</msg>
<arg>url=${url}</arg>
<arg>browser=${browser}</arg>
<doc>Opens a new browser instance to the optional ``url``.</doc>
<status status="PASS" start="2026-04-24T08:45:12.563309" elapsed="3.056136"/>
</kw>
<kw name="Maximize Browser Window" owner="SeleniumLibrary">
<doc>Maximizes current browser window.</doc>
<status status="PASS" start="2026-04-24T08:45:15.620188" elapsed="0.553587"/>
</kw>
<arg>${URL_DESAFIO2}</arg>
<arg>${BROWSER}</arg>
<status status="PASS" start="2026-04-24T08:45:12.560660" elapsed="3.613786"/>
</kw>
<kw name="Given Escrevo usuario no campo Username" owner="keywords_desafio2">
<kw name="Input Text" owner="SeleniumLibrary">
<msg time="2026-04-24T08:45:16.179348" level="INFO">Typing text 'student 1' into text field 'id=username'.</msg>
<arg>locator=${input_username}</arg>
<arg>text=${user_name}</arg>
<doc>Types the given ``text`` into the text field identified by ``locator``.</doc>
<status status="PASS" start="2026-04-24T08:45:16.177654" elapsed="1.673306"/>
</kw>
<arg>${USUARIOINVALIDO_DESAFIO2}</arg>
<status status="PASS" start="2026-04-24T08:45:16.176044" elapsed="1.675362"/>
</kw>
<kw name="And Escrevo senha no campo Password" owner="keywords_desafio2">
<kw name="Input Text" owner="SeleniumLibrary">
<msg time="2026-04-24T08:45:17.854843" level="INFO">Typing text 'Password123' into text field 'id=password'.</msg>
<arg>locator=${input_password}</arg>
<arg>text=${password}</arg>
<doc>Types the given ``text`` into the text field identified by ``locator``.</doc>
<status status="PASS" start="2026-04-24T08:45:17.854204" elapsed="1.672921"/>
</kw>
<arg>${SENHA_DESAFIO2}</arg>
<status status="PASS" start="2026-04-24T08:45:17.852896" elapsed="1.674785"/>
</kw>
<kw name="And Capturo os Elementos com error" owner="keywords_desafio2">
<kw name="Capture Element Screenshot" owner="SeleniumLibrary">
<msg time="2026-04-24T08:45:20.670398" level="INFO" html="true">&lt;/td&gt;&lt;/tr&gt;&lt;tr&gt;&lt;td colspan="3"&gt;&lt;a href="../../tests/Evidencias/desafio2/Campos/FirstName_Error.png"&gt;&lt;img src="../../tests/Evidencias/desafio2/Campos/FirstName_Error.png" width="400px"&gt;&lt;/a&gt;</msg>
<arg>${input_username}</arg>
<arg>../../tests/Evidencias/desafio2/Campos/FirstName_Error.png</arg>
<doc>Captures a screenshot from the element identified by ``locator`` and embeds it into log file.</doc>
<status status="PASS" start="2026-04-24T08:45:19.530413" elapsed="1.140339"/>
</kw>
<kw name="Capture Element Screenshot" owner="SeleniumLibrary">
<msg time="2026-04-24T08:45:21.788553" level="INFO" html="true">&lt;/td&gt;&lt;/tr&gt;&lt;tr&gt;&lt;td colspan="3"&gt;&lt;a href="../../tests/Evidencias/desafio2/Campos/LastName_Error.png"&gt;&lt;img src="../../tests/Evidencias/desafio2/Campos/LastName_Error.png" width="400px"&gt;&lt;/a&gt;</msg>
<arg>${input_password}</arg>
<arg>../../tests/Evidencias/desafio2/Campos/LastName_Error.png</arg>
<doc>Captures a screenshot from the element identified by ``locator`` and embeds it into log file.</doc>
<status status="PASS" start="2026-04-24T08:45:20.670997" elapsed="1.118377"/>
</kw>
<status status="PASS" start="2026-04-24T08:45:19.529209" elapsed="2.260744"/>
</kw>
<kw name="When Clico no botão Submit" owner="keywords_desafio2">
<kw name="Click Button" owner="SeleniumLibrary">
<msg time="2026-04-24T08:45:21.793753" level="INFO">Clicking button 'id=submit'.</msg>
<arg>locator=id=submit</arg>
<doc>Clicks the button identified by ``locator``.</doc>
<status status="PASS" start="2026-04-24T08:45:21.792921" elapsed="2.673743"/>
</kw>
<status status="PASS" start="2026-04-24T08:45:21.791748" elapsed="2.675438"/>
</kw>
<kw name="And Capturo a Tela com Error" owner="keywords_desafio2">
<kw name="Capture Page Screenshot" owner="SeleniumLibrary">
<msg time="2026-04-24T08:45:25.114445" level="INFO" html="true">&lt;/td&gt;&lt;/tr&gt;&lt;tr&gt;&lt;td colspan="3"&gt;&lt;a href="../../tests/Evidencias/desafio2/Tela/Tela_login_Parte01_Error.png"&gt;&lt;img src="../../tests/Evidencias/desafio2/Tela/Tela_login_Parte01_Error.png" width="800px"&gt;&lt;/a&gt;</msg>
<arg>../../tests/Evidencias/desafio2/Tela/Tela_login_Parte01_Error.png</arg>
<doc>Takes a screenshot of the current page and embeds it into a log file.</doc>
<status status="PASS" start="2026-04-24T08:45:24.469101" elapsed="0.645673"/>
</kw>
<kw name="Press Keys" owner="SeleniumLibrary">
<msg time="2026-04-24T08:45:25.117357" level="INFO">Sending key(s) ('PAGE_DOWN',) to page.</msg>
<msg time="2026-04-24T08:45:25.117828" level="INFO">Pressing special key PAGE_DOWN to browser.</msg>
<msg time="2026-04-24T08:45:25.118113" level="INFO">Releasing special key PAGE_DOWN.</msg>
<arg>NONE</arg>
<arg>PAGE_DOWN</arg>
<doc>Simulates the user pressing key(s) to an element or on the active browser.</doc>
<status status="PASS" start="2026-04-24T08:45:25.115004" elapsed="0.521411"/>
</kw>
<kw name="Capture Page Screenshot" owner="SeleniumLibrary">
<msg time="2026-04-24T08:45:26.237060" level="INFO" html="true">&lt;/td&gt;&lt;/tr&gt;&lt;tr&gt;&lt;td colspan="3"&gt;&lt;a href="../../tests/Evidencias/desafio2/Tela/Tela_login_Parte02_Error.png"&gt;&lt;img src="../../tests/Evidencias/desafio2/Tela/Tela_login_Parte02_Error.png" width="800px"&gt;&lt;/a&gt;</msg>
<arg>../../tests/Evidencias/desafio2/Tela/Tela_login_Parte02_Error.png</arg>
<doc>Takes a screenshot of the current page and embeds it into a log file.</doc>
<status status="PASS" start="2026-04-24T08:45:25.636720" elapsed="0.600721"/>
</kw>
<status status="PASS" start="2026-04-24T08:45:24.468547" elapsed="1.769088"/>
</kw>
<kw name="Then Verifico mensagem de error" owner="keywords_desafio2">
<kw name="Element Should Contain" owner="SeleniumLibrary">
<msg time="2026-04-24T08:45:27.266021" level="INFO">Element 'xpath=//div[@id='error']' contains text 'Your username is invalid!'.</msg>
<arg>xpath=//div[@id='error']</arg>
<arg>${MENSAGEM_ACCESS_USER_ERROR}</arg>
<doc>Verifies that element ``locator`` contains text ``expected``.</doc>
<status status="PASS" start="2026-04-24T08:45:26.238845" elapsed="1.027579"/>
</kw>
<status status="PASS" start="2026-04-24T08:45:26.238293" elapsed="1.028325"/>
</kw>
<kw name="Fechar Navegador" owner="keywords_desafio2" type="TEARDOWN">
<kw name="Aguardo 2 segundos" owner="keywords_desafio2">
<kw name="Sleep" owner="BuiltIn">
<msg time="2026-04-24T08:45:29.269541" level="INFO">Slept 2 seconds.</msg>
<arg>2s</arg>
<doc>Pauses the test executed for the given time.</doc>
<status status="PASS" start="2026-04-24T08:45:27.268646" elapsed="2.001277"/>
</kw>
<status status="PASS" start="2026-04-24T08:45:27.268050" elapsed="2.002102"/>
</kw>
<kw name="Close Browser" owner="SeleniumLibrary">
<doc>Closes the current browser.</doc>
<status status="PASS" start="2026-04-24T08:45:29.270379" elapsed="2.693544"/>
</kw>
<status status="PASS" start="2026-04-24T08:45:27.267412" elapsed="4.696953"/>
</kw>
<tag>CT02</tag>
<tag>segundo</tag>
<tag>SetandoNomeDoTeste</tag>
<status status="PASS" start="2026-04-24T08:45:12.559422" elapsed="19.406026"/>
</test>
<status status="PASS" start="2026-04-24T08:45:12.187280" elapsed="19.781855"/>
</suite>
<statistics>
<total>
<stat pass="1" fail="0" skip="0">All Tests</stat>
</total>
<tag>
<stat pass="1" fail="0" skip="0">CT02</stat>
<stat pass="1" fail="0" skip="0">segundo</stat>
<stat pass="1" fail="0" skip="0">SetandoNomeDoTeste</stat>
</tag>
<suite>
<stat name="Desafio2" id="s1" pass="1" fail="0" skip="0">Desafio2</stat>
</suite>
</statistics>
<errors>
</errors>
</robot>
